1429492703 - INFO: Log level set to 6
STORE CALL: glXQueryExtension(0x17538e0, (nil), (nil), )
1429492703 - DEBUG: RAISED STOP
1429492708 - INFO: OPERATION: 13
1429492708 - INFO: ORIG_GL: glGetIntegerv (0x7f1f93ba73a0)
1429492708 - INFO: ORIG_GL: glGetError (0x7f1f93ba7360)
1429492708 - INFO: ORIG_GL: glGetBooleanv (0x7f1f93ba7300)
1429492708 - INFO: ORIG_GL: glPixelStorei (0x7f1f93ba7200)
1429492708 - INFO: ORIG_GL: glGetBooleanv (0x7f1f93ba7300)
1429492708 - INFO: ORIG_GL: glPixelStorei (0x7f1f93ba7200)
1429492708 - INFO: ORIG_GL: glGetIntegerv (0x7f1f93ba73a0)
1429492708 - INFO: ORIG_GL: glPixelStorei (0x7f1f93ba7200)
1429492708 - INFO: ORIG_GL: glGetIntegerv (0x7f1f93ba73a0)
1429492708 - INFO: ORIG_GL: glPixelStorei (0x7f1f93ba7200)
1429492708 - INFO: ORIG_GL: glGetIntegerv (0x7f1f93ba73a0)
1429492708 - INFO: ORIG_GL: glPixelStorei (0x7f1f93ba7200)
1429492708 - INFO: ORIG_GL: glGetBooleanv (0x7f1f93ba7300)
1429492708 - INFO: ORIG_GL: glPixelTransferi (0x7f1f93ba71c0)
1429492708 - INFO: ORIG_GL: glGetFloatv (0x7f1f93ba7380)
1429492708 - INFO: ORIG_GL: glPixelTransferf (0x7f1f93ba71a0)
1429492708 - INFO: ORIG_GL: glGetFloatv (0x7f1f93ba7380)
1429492708 - INFO: ORIG_GL: glPixelTransferf (0x7f1f93ba71a0)
1429492708 - INFO: ORIG_GL: glGetFloatv (0x7f1f93ba7380)
1429492708 - INFO: ORIG_GL: glPixelTransferf (0x7f1f93ba71a0)
1429492708 - INFO: ORIG_GL: glGetFloatv (0x7f1f93ba7380)
1429492708 - INFO: ORIG_GL: glPixelTransferf (0x7f1f93ba71a0)
1429492708 - INFO: ORIG_GL: glGetFloatv (0x7f1f93ba7380)
1429492708 - INFO: ORIG_GL: glPixelTransferf (0x7f1f93ba71a0)
1429492708 - INFO: ORIG_GL: glGetFloatv (0x7f1f93ba7380)
1429492708 - INFO: ORIG_GL: glPixelTransferf (0x7f1f93ba71a0)
1429492708 - INFO: ORIG_GL: glGetFloatv (0x7f1f93ba7380)
1429492708 - INFO: ORIG_GL: glPixelTransferf (0x7f1f93ba71a0)
1429492708 - INFO: ORIG_GL: glGetFloatv (0x7f1f93ba7380)
1429492708 - INFO: ORIG_GL: glPixelTransferf (0x7f1f93ba71a0)
1429492708 - DEBUG: Creating extension hashes
1429492708 - INFO: ORIG_GL: glGetIntegerv (0x7f1f93ba73a0)
1429492708 - INFO: Extensions found -1816497760
1429492708 - INFO: not found: GL_ARB_imaging
1429492708 - INFO: not found: GL_EXT_color_table
1429492708 - INFO: not found: GL_SGI_color_table
1429492708 - INFO: not found: GL_SGI_color_matrix
1429492708 - INFO: not found: GL_ARB_imaging
1429492708 - INFO: not found: GL_ARB_imaging
1429492708 - INFO: not found: GL_EXT_convolution
1429492708 - INFO: ORIG_GL: glGetFloatv (0x7f1f93ba7380)
1429492708 - INFO: ORIG_GL: glPixelTransferf (0x7f1f93ba71a0)
1429492708 - INFO: ORIG_GL: glGetFloatv (0x7f1f93ba7380)
1429492708 - INFO: ORIG_GL: glPixelTransferf (0x7f1f93ba71a0)
1429492708 - INFO: ORIG_GL: glGetError (0x7f1f93ba7360)
1429492708 - INFO: ORIG_GL: glReadPixels (0x7f1f93ba72c0)
1429492708 - INFO: ORIG_GL: glGetError (0x7f1f93ba7360)
1429492708 - INFO: ORIG_GL: glPixelStorei (0x7f1f93ba7200)
1429492708 - INFO: ORIG_GL: glPixelStorei (0x7f1f93ba7200)
1429492708 - INFO: ORIG_GL: glPixelStorei (0x7f1f93ba7200)
1429492708 - INFO: ORIG_GL: glPixelStorei (0x7f1f93ba7200)
1429492708 - INFO: ORIG_GL: glPixelStorei (0x7f1f93ba7200)
1429492708 - INFO: ORIG_GL: glPixelTransferi (0x7f1f93ba71c0)
1429492708 - INFO: ORIG_GL: glPixelTransferf (0x7f1f93ba71a0)
1429492708 - INFO: ORIG_GL: glPixelTransferf (0x7f1f93ba71a0)
1429492708 - INFO: ORIG_GL: glPixelTransferf (0x7f1f93ba71a0)
1429492708 - INFO: ORIG_GL: glPixelTransferf (0x7f1f93ba71a0)
1429492708 - INFO: ORIG_GL: glPixelTransferf (0x7f1f93ba71a0)
1429492708 - INFO: ORIG_GL: glPixelTransferf (0x7f1f93ba71a0)
1429492708 - INFO: ORIG_GL: glPixelTransferf (0x7f1f93ba71a0)
1429492708 - INFO: ORIG_GL: glPixelTransferf (0x7f1f93ba71a0)
1429492708 - INFO: not found: GL_ARB_imaging
1429492708 - INFO: not found: GL_EXT_color_table
1429492708 - INFO: not found: GL_SGI_color_table
1429492708 - INFO: not found: GL_SGI_color_matrix
1429492708 - INFO: not found: GL_ARB_imaging
1429492708 - INFO: not found: GL_ARB_imaging
1429492708 - INFO: not found: GL_EXT_convolution
1429492708 - INFO: ORIG_GL: glPixelTransferf (0x7f1f93ba71a0)
1429492708 - INFO: ORIG_GL: glPixelTransferf (0x7f1f93ba71a0)
1429492708 - INFO: ORIG_GL: glGetError (0x7f1f93ba7360)
1429492708 - DEBUG: RAISED STOP
1429492708 - INFO: OPERATION: 4
1429492708 - DEBUG: RAISED STOP
1429492710 - INFO: OPERATION: 13
1429492710 - INFO: ORIG_GL: glGetIntegerv (0x7f1f93ba73a0)
1429492710 - INFO: ORIG_GL: glGetError (0x7f1f93ba7360)
1429492710 - INFO: ORIG_GL: glGetBooleanv (0x7f1f93ba7300)
1429492710 - INFO: ORIG_GL: glPixelStorei (0x7f1f93ba7200)
1429492710 - INFO: ORIG_GL: glGetBooleanv (0x7f1f93ba7300)
1429492710 - INFO: ORIG_GL: glPixelStorei (0x7f1f93ba7200)
1429492710 - INFO: ORIG_GL: glGetIntegerv (0x7f1f93ba73a0)
1429492710 - INFO: ORIG_GL: glPixelStorei (0x7f1f93ba7200)
1429492710 - INFO: ORIG_GL: glGetIntegerv (0x7f1f93ba73a0)
1429492710 - INFO: ORIG_GL: glPixelStorei (0x7f1f93ba7200)
1429492710 - INFO: ORIG_GL: glGetIntegerv (0x7f1f93ba73a0)
1429492710 - INFO: ORIG_GL: glPixelStorei (0x7f1f93ba7200)
1429492710 - INFO: ORIG_GL: glGetBooleanv (0x7f1f93ba7300)
1429492710 - INFO: ORIG_GL: glPixelTransferi (0x7f1f93ba71c0)
1429492710 - INFO: ORIG_GL: glGetFloatv (0x7f1f93ba7380)
1429492710 - INFO: ORIG_GL: glPixelTransferf (0x7f1f93ba71a0)
1429492710 - INFO: ORIG_GL: glGetFloatv (0x7f1f93ba7380)
1429492710 - INFO: ORIG_GL: glPixelTransferf (0x7f1f93ba71a0)
1429492710 - INFO: ORIG_GL: glGetFloatv (0x7f1f93ba7380)
1429492710 - INFO: ORIG_GL: glPixelTransferf (0x7f1f93ba71a0)
1429492710 - INFO: ORIG_GL: glGetFloatv (0x7f1f93ba7380)
1429492710 - INFO: ORIG_GL: glPixelTransferf (0x7f1f93ba71a0)
1429492710 - INFO: ORIG_GL: glGetFloatv (0x7f1f93ba7380)
1429492710 - INFO: ORIG_GL: glPixelTransferf (0x7f1f93ba71a0)
1429492710 - INFO: ORIG_GL: glGetFloatv (0x7f1f93ba7380)
1429492710 - INFO: ORIG_GL: glPixelTransferf (0x7f1f93ba71a0)
1429492710 - INFO: ORIG_GL: glGetFloatv (0x7f1f93ba7380)
1429492710 - INFO: ORIG_GL: glPixelTransferf (0x7f1f93ba71a0)
1429492710 - INFO: ORIG_GL: glGetFloatv (0x7f1f93ba7380)
1429492710 - INFO: ORIG_GL: glPixelTransferf (0x7f1f93ba71a0)
1429492710 - INFO: not found: GL_ARB_imaging
1429492710 - INFO: not found: GL_EXT_color_table
1429492710 - INFO: not found: GL_SGI_color_table
1429492710 - INFO: not found: GL_SGI_color_matrix
1429492710 - INFO: not found: GL_ARB_imaging
1429492710 - INFO: not found: GL_ARB_imaging
1429492710 - INFO: not found: GL_EXT_convolution
1429492710 - INFO: ORIG_GL: glGetFloatv (0x7f1f93ba7380)
1429492710 - INFO: ORIG_GL: glPixelTransferf (0x7f1f93ba71a0)
1429492710 - INFO: ORIG_GL: glGetFloatv (0x7f1f93ba7380)
1429492710 - INFO: ORIG_GL: glPixelTransferf (0x7f1f93ba71a0)
1429492710 - INFO: ORIG_GL: glGetError (0x7f1f93ba7360)
1429492710 - INFO: ORIG_GL: glReadPixels (0x7f1f93ba72c0)
1429492710 - INFO: ORIG_GL: glGetError (0x7f1f93ba7360)
1429492710 - INFO: ORIG_GL: glPixelStorei (0x7f1f93ba7200)
1429492710 - INFO: ORIG_GL: glPixelStorei (0x7f1f93ba7200)
1429492710 - INFO: ORIG_GL: glPixelStorei (0x7f1f93ba7200)
1429492710 - INFO: ORIG_GL: glPixelStorei (0x7f1f93ba7200)
1429492710 - INFO: ORIG_GL: glPixelStorei (0x7f1f93ba7200)
1429492710 - INFO: ORIG_GL: glPixelTransferi (0x7f1f93ba71c0)
1429492710 - INFO: ORIG_GL: glPixelTransferf (0x7f1f93ba71a0)
1429492710 - INFO: ORIG_GL: glPixelTransferf (0x7f1f93ba71a0)
1429492710 - INFO: ORIG_GL: glPixelTransferf (0x7f1f93ba71a0)
1429492710 - INFO: ORIG_GL: glPixelTransferf (0x7f1f93ba71a0)
1429492710 - INFO: ORIG_GL: glPixelTransferf (0x7f1f93ba71a0)
1429492710 - INFO: ORIG_GL: glPixelTransferf (0x7f1f93ba71a0)
1429492710 - INFO: ORIG_GL: glPixelTransferf (0x7f1f93ba71a0)
1429492710 - INFO: ORIG_GL: glPixelTransferf (0x7f1f93ba71a0)
1429492710 - INFO: not found: GL_ARB_imaging
1429492710 - INFO: not found: GL_EXT_color_table
1429492710 - INFO: not found: GL_SGI_color_table
1429492710 - INFO: not found: GL_SGI_color_matrix
1429492710 - INFO: not found: GL_ARB_imaging
1429492710 - INFO: not found: GL_ARB_imaging
1429492710 - INFO: not found: GL_EXT_convolution
1429492710 - INFO: ORIG_GL: glPixelTransferf (0x7f1f93ba71a0)
1429492710 - INFO: ORIG_GL: glPixelTransferf (0x7f1f93ba71a0)
1429492710 - INFO: ORIG_GL: glGetError (0x7f1f93ba7360)
1429492710 - DEBUG: RAISED STOP
1429492710 - INFO: OPERATION: 4
1429492710 - DEBUG: RAISED STOP
1429492711 - INFO: OPERATION: 13
1429492711 - INFO: ORIG_GL: glGetIntegerv (0x7f1f93ba73a0)
1429492711 - INFO: ORIG_GL: glGetError (0x7f1f93ba7360)
1429492711 - INFO: ORIG_GL: glGetBooleanv (0x7f1f93ba7300)
1429492711 - INFO: ORIG_GL: glPixelStorei (0x7f1f93ba7200)
1429492711 - INFO: ORIG_GL: glGetBooleanv (0x7f1f93ba7300)
1429492711 - INFO: ORIG_GL: glPixelStorei (0x7f1f93ba7200)
1429492711 - INFO: ORIG_GL: glGetIntegerv (0x7f1f93ba73a0)
1429492711 - INFO: ORIG_GL: glPixelStorei (0x7f1f93ba7200)
1429492711 - INFO: ORIG_GL: glGetIntegerv (0x7f1f93ba73a0)
1429492711 - INFO: ORIG_GL: glPixelStorei (0x7f1f93ba7200)
1429492711 - INFO: ORIG_GL: glGetIntegerv (0x7f1f93ba73a0)
1429492711 - INFO: ORIG_GL: glPixelStorei (0x7f1f93ba7200)
1429492711 - INFO: ORIG_GL: glGetBooleanv (0x7f1f93ba7300)
1429492711 - INFO: ORIG_GL: glPixelTransferi (0x7f1f93ba71c0)
1429492711 - INFO: ORIG_GL: glGetFloatv (0x7f1f93ba7380)
1429492711 - INFO: ORIG_GL: glPixelTransferf (0x7f1f93ba71a0)
1429492711 - INFO: ORIG_GL: glGetFloatv (0x7f1f93ba7380)
1429492711 - INFO: ORIG_GL: glPixelTransferf (0x7f1f93ba71a0)
1429492711 - INFO: ORIG_GL: glGetFloatv (0x7f1f93ba7380)
1429492711 - INFO: ORIG_GL: glPixelTransferf (0x7f1f93ba71a0)
1429492711 - INFO: ORIG_GL: glGetFloatv (0x7f1f93ba7380)
1429492711 - INFO: ORIG_GL: glPixelTransferf (0x7f1f93ba71a0)
1429492711 - INFO: ORIG_GL: glGetFloatv (0x7f1f93ba7380)
1429492711 - INFO: ORIG_GL: glPixelTransferf (0x7f1f93ba71a0)
1429492711 - INFO: ORIG_GL: glGetFloatv (0x7f1f93ba7380)
1429492711 - INFO: ORIG_GL: glPixelTransferf (0x7f1f93ba71a0)
1429492711 - INFO: ORIG_GL: glGetFloatv (0x7f1f93ba7380)
1429492711 - INFO: ORIG_GL: glPixelTransferf (0x7f1f93ba71a0)
1429492711 - INFO: ORIG_GL: glGetFloatv (0x7f1f93ba7380)
1429492711 - INFO: ORIG_GL: glPixelTransferf (0x7f1f93ba71a0)
1429492711 - INFO: not found: GL_ARB_imaging
1429492711 - INFO: not found: GL_EXT_color_table
1429492711 - INFO: not found: GL_SGI_color_table
1429492711 - INFO: not found: GL_SGI_color_matrix
1429492711 - INFO: not found: GL_ARB_imaging
1429492711 - INFO: not found: GL_ARB_imaging
1429492711 - INFO: not found: GL_EXT_convolution
1429492711 - INFO: ORIG_GL: glGetFloatv (0x7f1f93ba7380)
1429492711 - INFO: ORIG_GL: glPixelTransferf (0x7f1f93ba71a0)
1429492711 - INFO: ORIG_GL: glGetFloatv (0x7f1f93ba7380)
1429492711 - INFO: ORIG_GL: glPixelTransferf (0x7f1f93ba71a0)
1429492711 - INFO: ORIG_GL: glGetError (0x7f1f93ba7360)
1429492711 - INFO: ORIG_GL: glReadPixels (0x7f1f93ba72c0)
1429492711 - INFO: ORIG_GL: glGetError (0x7f1f93ba7360)
1429492711 - INFO: ORIG_GL: glPixelStorei (0x7f1f93ba7200)
1429492711 - INFO: ORIG_GL: glPixelStorei (0x7f1f93ba7200)
1429492711 - INFO: ORIG_GL: glPixelStorei (0x7f1f93ba7200)
1429492711 - INFO: ORIG_GL: glPixelStorei (0x7f1f93ba7200)
1429492711 - INFO: ORIG_GL: glPixelStorei (0x7f1f93ba7200)
1429492711 - INFO: ORIG_GL: glPixelTransferi (0x7f1f93ba71c0)
1429492711 - INFO: ORIG_GL: glPixelTransferf (0x7f1f93ba71a0)
1429492711 - INFO: ORIG_GL: glPixelTransferf (0x7f1f93ba71a0)
1429492711 - INFO: ORIG_GL: glPixelTransferf (0x7f1f93ba71a0)
1429492711 - INFO: ORIG_GL: glPixelTransferf (0x7f1f93ba71a0)
1429492711 - INFO: ORIG_GL: glPixelTransferf (0x7f1f93ba71a0)
1429492711 - INFO: ORIG_GL: glPixelTransferf (0x7f1f93ba71a0)
1429492711 - INFO: ORIG_GL: glPixelTransferf (0x7f1f93ba71a0)
1429492711 - INFO: ORIG_GL: glPixelTransferf (0x7f1f93ba71a0)
1429492711 - INFO: not found: GL_ARB_imaging
1429492711 - INFO: not found: GL_EXT_color_table
1429492711 - INFO: not found: GL_SGI_color_table
1429492711 - INFO: not found: GL_SGI_color_matrix
1429492711 - INFO: not found: GL_ARB_imaging
1429492711 - INFO: not found: GL_ARB_imaging
1429492711 - INFO: not found: GL_EXT_convolution
1429492711 - INFO: ORIG_GL: glPixelTransferf (0x7f1f93ba71a0)
1429492711 - INFO: ORIG_GL: glPixelTransferf (0x7f1f93ba71a0)
1429492711 - INFO: ORIG_GL: glGetError (0x7f1f93ba7360)
1429492711 - DEBUG: RAISED STOP
1429492711 - INFO: OPERATION: 4
1429492711 - DEBUG: RAISED STOP
1429492720 - INFO: OPERATION: 22
STORE CALL: glXChooseFBConfig(0x17538e0, 0, 0x7ffe4f32ef30, 0x7ffe4f32ef24, )
1429492720 - DEBUG: RAISED STOP
1429492722 - INFO: OPERATION: 22
